<?xml version="1.0" encoding="utf-8"?><testsuites name="pytest tests"><testsuite name="pytest" errors="0" failures="0" skipped="0" tests="20" time="50.418" timestamp="2026-04-17T19:28:59.504334+00:00" hostname="agent-env-83c08037-083f-40d5-bd5f-8ee2edbf54ae"><testcase classname="backend.tests.test_studybrain_api.TestHealth" name="test_health_endpoint" time="0.530" /><testcase classname="backend.tests.test_studybrain_api.TestAuth" name="test_register_creates_user" time="0.344" /><testcase classname="backend.tests.test_studybrain_api.TestAuth" name="test_duplicate_registration_returns_400" time="0.051" /><testcase classname="backend.tests.test_studybrain_api.TestAuth" name="test_login_with_valid_credentials" time="0.273" /><testcase classname="backend.tests.test_studybrain_api.TestAuth" name="test_login_with_wrong_password_returns_401" time="0.271" /><testcase classname="backend.tests.test_studybrain_api.TestAuth" name="test_auth_me_with_valid_token" time="0.050" /><testcase classname="backend.tests.test_studybrain_api.TestAuth" name="test_auth_me_without_token_returns_401" time="0.046" /><testcase classname="backend.tests.test_studybrain_api.TestAuth" name="test_logout_clears_session" time="0.049" /><testcase classname="backend.tests.test_studybrain_api.TestTopics" name="test_create_topic" time="0.096" /><testcase classname="backend.tests.test_studybrain_api.TestTopics" name="test_list_topics" time="0.056" /><testcase classname="backend.tests.test_studybrain_api.TestTopics" name="test_get_topic_by_id" time="0.111" /><testcase classname="backend.tests.test_studybrain_api.TestTopics" name="test_delete_topic" time="0.158" /><testcase classname="backend.tests.test_studybrain_api.TestChat" name="test_chat_returns_response_and_memory" time="9.857" /><testcase classname="backend.tests.test_studybrain_api.TestChat" name="test_get_messages" time="11.840" /><testcase classname="backend.tests.test_studybrain_api.TestChat" name="test_get_memory" time="0.125" /><testcase classname="backend.tests.test_studybrain_api.TestQuiz" name="test_generate_quiz" time="12.317" /><testcase classname="backend.tests.test_studybrain_api.TestQuiz" name="test_quiz_answer_correct" time="13.053" /><testcase classname="backend.tests.test_studybrain_api.TestDashboard" name="test_dashboard_returns_stats" time="0.058" /><testcase classname="backend.tests.test_studybrain_api.TestAuthorization" name="test_user_b_cannot_access_user_a_topic" time="0.409" /><testcase classname="backend.tests.test_studybrain_api.TestAuthorization" name="test_user_b_cannot_chat_on_user_a_topic" time="0.626" /></testsuite></testsuites>